<?xml version="1.0" encoding="UTF-8"?>
<testsuite name="Academy Choucair" tests="1" skipped="0" failures="0" errors="0" timestamp="2021-02-20T17:24:56" hostname="LAPTOP-II67NSKK" time="84.102">
  <properties/>
  <testcase name="Search for a automation course" classname="Academy Choucair" time="84.102"/>
  <system-out><![CDATA[]]></system-out>
  <system-err><![CDATA[[Test worker] WARN net.thucydides.core.steps.BaseStepListener - stepStarted: net.thucydides.core.steps.ExecutedStepDescription@1dbfbc8
[Test worker] WARN net.thucydides.core.steps.BaseStepListener - stepStarted: net.thucydides.core.steps.ExecutedStepDescription@41d18569
[Test worker] WARN net.thucydides.core.steps.BaseStepListener - stepStarted: net.thucydides.core.steps.ExecutedStepDescription@6d76537b
feb 20, 2021 12:24:59 PM org.openqa.selenium.remote.DesiredCapabilities chrome
INFORMACIÓN: Using `new ChromeOptions()` is preferred to `DesiredCapabilities.chrome()`
[Test worker] INFO net.serenitybdd.core.webdriver.driverproviders.ProvideNewDriver - Instantiating driver
[Test worker] INFO net.serenitybdd.core.webdriver.driverproviders.ProvideNewDriver - Driver capabilities: Capabilities {acceptInsecureCerts: false, browserName: chrome, chrome.switches: --start-maximized, goog:chromeOptions: {args: [--start-maximized], extensions: []}, loggingPrefs: org.openqa.selenium.logging..., platform: ANY, version: }
Starting ChromeDriver 88.0.4324.96 (68dba2d8a0b149a1d3afac56fa74648032bcf46b-refs/branch-heads/4324@{#1784}) on port 22527
Only local connections are allowed.
Please see https://chromedriver.chromium.org/security-considerations for suggestions on keeping ChromeDriver safe.
ChromeDriver was started successfully.
feb 20, 2021 12:25:21 PM org.openqa.selenium.remote.ProtocolHandshake createSession
INFORMACIÓN: Detected dialect: W3C
[Test worker] WARN net.thucydides.core.steps.BaseStepListener - stepFinished: current outcome:Search for a automation course:Given than natalia want to learn automation at the academy choucair
| strUser | strPassword |
| 1091665680 | Choucair2021* | [Natalia open up [Natalia opens the Choucair academy page]]
[Test worker] WARN net.thucydides.core.steps.BaseStepListener - stepFinished: current outcome:Search for a automation course:Given than natalia want to learn automation at the academy choucair
| strUser | strPassword |
| 1091665680 | Choucair2021* | [Natalia open up [Natalia opens the Choucair academy page]]
[Test worker] WARN net.thucydides.core.steps.BaseStepListener - stepStarted: net.thucydides.core.steps.ExecutedStepDescription@6f032256
[Test worker] WARN net.thucydides.core.steps.BaseStepListener - stepStarted: net.thucydides.core.steps.ExecutedStepDescription@3b082bee
[Test worker] WARN net.thucydides.core.steps.BaseStepListener - stepFinished: current outcome:Search for a automation course:Given than natalia want to learn automation at the academy choucair
| strUser | strPassword |
| 1091665680 | Choucair2021* | [Natalia open up [Natalia opens the Choucair academy page], Natalia login [Natalia clicks on button that shows us the form to login]]
[Test worker] WARN net.thucydides.core.steps.BaseStepListener - stepStarted: net.thucydides.core.steps.ExecutedStepDescription@5158a2dc
[Test worker] WARN net.thucydides.core.steps.BaseStepListener - stepFinished: current outcome:Search for a automation course:Given than natalia want to learn automation at the academy choucair
| strUser | strPassword |
| 1091665680 | Choucair2021* | [Natalia open up [Natalia opens the Choucair academy page], Natalia login [Natalia clicks on button that shows us the form to login, Natalia enters '1091665680' into where do we write the user]]
[Test worker] WARN net.thucydides.core.steps.BaseStepListener - stepStarted: net.thucydides.core.steps.ExecutedStepDescription@4741e10e
[Test worker] WARN net.thucydides.core.steps.BaseStepListener - stepFinished: current outcome:Search for a automation course:Given than natalia want to learn automation at the academy choucair
| strUser | strPassword |
| 1091665680 | Choucair2021* | [Natalia open up [Natalia opens the Choucair academy page], Natalia login [Natalia clicks on button that shows us the form to login, Natalia enters '1091665680' into where do we write the user, Natalia enters 'Choucair2021*' into where do we write the password]]
[Test worker] WARN net.thucydides.core.steps.BaseStepListener - stepStarted: net.thucydides.core.steps.ExecutedStepDescription@788464fe
[Test worker] WARN net.thucydides.core.steps.BaseStepListener - stepFinished: current outcome:Search for a automation course:Given than natalia want to learn automation at the academy choucair
| strUser | strPassword |
| 1091665680 | Choucair2021* | [Natalia open up [Natalia opens the Choucair academy page], Natalia login [Natalia clicks on button that shows us the form to login, Natalia enters '1091665680' into where do we write the user, Natalia enters 'Choucair2021*' into where do we write the password, Natalia clicks on button to conform login]]
[Test worker] WARN net.thucydides.core.steps.BaseStepListener - stepFinished: current outcome:Search for a automation course:Given than natalia want to learn automation at the academy choucair
| strUser | strPassword |
| 1091665680 | Choucair2021* | [Natalia open up [Natalia opens the Choucair academy page], Natalia login [Natalia clicks on button that shows us the form to login, Natalia enters '1091665680' into where do we write the user, Natalia enters 'Choucair2021*' into where do we write the password, Natalia clicks on button to conform login]]
[Test worker] WARN net.thucydides.core.steps.BaseStepListener - stepFinished: current outcome:Search for a automation course:Given than natalia want to learn automation at the academy choucair
| strUser | strPassword |
| 1091665680 | Choucair2021* | [Natalia open up [Natalia opens the Choucair academy page], Natalia login [Natalia clicks on button that shows us the form to login, Natalia enters '1091665680' into where do we write the user, Natalia enters 'Choucair2021*' into where do we write the password, Natalia clicks on button to conform login]]
[Test worker] WARN net.thucydides.core.steps.BaseStepListener - stepStarted: net.thucydides.core.steps.ExecutedStepDescription@4a2b0d3d
[Test worker] WARN net.thucydides.core.steps.BaseStepListener - stepStarted: net.thucydides.core.steps.ExecutedStepDescription@7516f523
[Test worker] WARN net.thucydides.core.steps.BaseStepListener - stepStarted: net.thucydides.core.steps.ExecutedStepDescription@74630815
[Test worker] WARN net.thucydides.core.steps.BaseStepListener - stepFinished: current outcome:Search for a automation course:Given than natalia want to learn automation at the academy choucair
| strUser | strPassword |
| 1091665680 | Choucair2021* | [Natalia open up [Natalia opens the Choucair academy page], Natalia login [Natalia clicks on button that shows us the form to login, Natalia enters '1091665680' into where do we write the user, Natalia enters 'Choucair2021*' into where do we write the password, Natalia clicks on button to conform login]], When she search for the course on the choucair academy platform
| strCourse |
| Prueba Técnica - Analista Bancolombia | [Natalia search [Natalia clicks on Selecciona Cursos y Certificaciones]]
[Test worker] WARN net.thucydides.core.steps.BaseStepListener - stepStarted: net.thucydides.core.steps.ExecutedStepDescription@6e662790
[Test worker] WARN net.thucydides.core.steps.BaseStepListener - stepFinished: current outcome:Search for a automation course:Given than natalia want to learn automation at the academy choucair
| strUser | strPassword |
| 1091665680 | Choucair2021* | [Natalia open up [Natalia opens the Choucair academy page], Natalia login [Natalia clicks on button that shows us the form to login, Natalia enters '1091665680' into where do we write the user, Natalia enters 'Choucair2021*' into where do we write the password, Natalia clicks on button to conform login]], When she search for the course on the choucair academy platform
| strCourse |
| Prueba Técnica - Analista Bancolombia | [Natalia search [Natalia clicks on Selecciona Cursos y Certificaciones, Natalia enters 'Prueba Técnica - Analista Bancolombia' into Buscar el curso]]
[Test worker] WARN net.thucydides.core.steps.BaseStepListener - stepStarted: net.thucydides.core.steps.ExecutedStepDescription@96b207e
[Test worker] WARN net.thucydides.core.steps.BaseStepListener - stepFinished: current outcome:Search for a automation course:Given than natalia want to learn automation at the academy choucair
| strUser | strPassword |
| 1091665680 | Choucair2021* | [Natalia open up [Natalia opens the Choucair academy page], Natalia login [Natalia clicks on button that shows us the form to login, Natalia enters '1091665680' into where do we write the user, Natalia enters 'Choucair2021*' into where do we write the password, Natalia clicks on button to conform login]], When she search for the course on the choucair academy platform
| strCourse |
| Prueba Técnica - Analista Bancolombia | [Natalia search [Natalia clicks on Selecciona Cursos y Certificaciones, Natalia enters 'Prueba Técnica - Analista Bancolombia' into Buscar el curso, Natalia clicks on Da click para buscar el curso]]
[Test worker] WARN net.thucydides.core.steps.BaseStepListener - stepStarted: net.thucydides.core.steps.ExecutedStepDescription@9827b7e
[Test worker] WARN net.thucydides.core.steps.BaseStepListener - stepFinished: current outcome:Search for a automation course:Given than natalia want to learn automation at the academy choucair
| strUser | strPassword |
| 1091665680 | Choucair2021* | [Natalia open up [Natalia opens the Choucair academy page], Natalia login [Natalia clicks on button that shows us the form to login, Natalia enters '1091665680' into where do we write the user, Natalia enters 'Choucair2021*' into where do we write the password, Natalia clicks on button to conform login]], When she search for the course on the choucair academy platform
| strCourse |
| Prueba Técnica - Analista Bancolombia | [Natalia search [Natalia clicks on Selecciona Cursos y Certificaciones, Natalia enters 'Prueba Técnica - Analista Bancolombia' into Buscar el curso, Natalia clicks on Da click para buscar el curso, Natalia clicks on Da click para seleccionar el curso]]
[Test worker] WARN net.thucydides.core.steps.BaseStepListener - stepStarted: net.thucydides.core.steps.ExecutedStepDescription@6e50b70a
[Test worker] WARN net.thucydides.core.steps.BaseStepListener - stepFinished: current outcome:Search for a automation course:Given than natalia want to learn automation at the academy choucair
| strUser | strPassword |
| 1091665680 | Choucair2021* | [Natalia open up [Natalia opens the Choucair academy page], Natalia login [Natalia clicks on button that shows us the form to login, Natalia enters '1091665680' into where do we write the user, Natalia enters 'Choucair2021*' into where do we write the password, Natalia clicks on button to conform login]], When she search for the course on the choucair academy platform
| strCourse |
| Prueba Técnica - Analista Bancolombia | [Natalia search [Natalia clicks on Selecciona Cursos y Certificaciones, Natalia enters 'Prueba Técnica - Analista Bancolombia' into Buscar el curso, Natalia clicks on Da click para buscar el curso, Natalia clicks on Da click para seleccionar el curso, Natalia clicks on Extrae el nombre del curso]]
[Test worker] WARN net.thucydides.core.steps.BaseStepListener - stepFinished: current outcome:Search for a automation course:Given than natalia want to learn automation at the academy choucair
| strUser | strPassword |
| 1091665680 | Choucair2021* | [Natalia open up [Natalia opens the Choucair academy page], Natalia login [Natalia clicks on button that shows us the form to login, Natalia enters '1091665680' into where do we write the user, Natalia enters 'Choucair2021*' into where do we write the password, Natalia clicks on button to conform login]], When she search for the course on the choucair academy platform
| strCourse |
| Prueba Técnica - Analista Bancolombia | [Natalia search [Natalia clicks on Selecciona Cursos y Certificaciones, Natalia enters 'Prueba Técnica - Analista Bancolombia' into Buscar el curso, Natalia clicks on Da click para buscar el curso, Natalia clicks on Da click para seleccionar el curso, Natalia clicks on Extrae el nombre del curso]]
[Test worker] WARN net.thucydides.core.steps.BaseStepListener - stepFinished: current outcome:Search for a automation course:Given than natalia want to learn automation at the academy choucair
| strUser | strPassword |
| 1091665680 | Choucair2021* | [Natalia open up [Natalia opens the Choucair academy page], Natalia login [Natalia clicks on button that shows us the form to login, Natalia enters '1091665680' into where do we write the user, Natalia enters 'Choucair2021*' into where do we write the password, Natalia clicks on button to conform login]], When she search for the course on the choucair academy platform
| strCourse |
| Prueba Técnica - Analista Bancolombia | [Natalia search [Natalia clicks on Selecciona Cursos y Certificaciones, Natalia enters 'Prueba Técnica - Analista Bancolombia' into Buscar el curso, Natalia clicks on Da click para buscar el curso, Natalia clicks on Da click para seleccionar el curso, Natalia clicks on Extrae el nombre del curso]]
[Test worker] WARN net.thucydides.core.steps.BaseStepListener - stepStarted: net.thucydides.core.steps.ExecutedStepDescription@11daab22
[Test worker] WARN net.thucydides.core.steps.BaseStepListener - stepStarted: net.thucydides.core.steps.ExecutedStepDescription@57045c82
[Test worker] WARN net.thucydides.core.steps.BaseStepListener - stepFinished: current outcome:Search for a automation course:Given than natalia want to learn automation at the academy choucair
| strUser | strPassword |
| 1091665680 | Choucair2021* | [Natalia open up [Natalia opens the Choucair academy page], Natalia login [Natalia clicks on button that shows us the form to login, Natalia enters '1091665680' into where do we write the user, Natalia enters 'Choucair2021*' into where do we write the password, Natalia clicks on button to conform login]], When she search for the course on the choucair academy platform
| strCourse |
| Prueba Técnica - Analista Bancolombia | [Natalia search [Natalia clicks on Selecciona Cursos y Certificaciones, Natalia enters 'Prueba Técnica - Analista Bancolombia' into Buscar el curso, Natalia clicks on Da click para buscar el curso, Natalia clicks on Da click para seleccionar el curso, Natalia clicks on Extrae el nombre del curso]], Then she finds the course called
| strCourse |
| Prueba Técnica - Analista Bancolombia | [Then answer]
[Test worker] WARN net.thucydides.core.steps.BaseStepListener - stepFinished: current outcome:Search for a automation course:Given than natalia want to learn automation at the academy choucair
| strUser | strPassword |
| 1091665680 | Choucair2021* | [Natalia open up [Natalia opens the Choucair academy page], Natalia login [Natalia clicks on button that shows us the form to login, Natalia enters '1091665680' into where do we write the user, Natalia enters 'Choucair2021*' into where do we write the password, Natalia clicks on button to conform login]], When she search for the course on the choucair academy platform
| strCourse |
| Prueba Técnica - Analista Bancolombia | [Natalia search [Natalia clicks on Selecciona Cursos y Certificaciones, Natalia enters 'Prueba Técnica - Analista Bancolombia' into Buscar el curso, Natalia clicks on Da click para buscar el curso, Natalia clicks on Da click para seleccionar el curso, Natalia clicks on Extrae el nombre del curso]], Then she finds the course called
| strCourse |
| Prueba Técnica - Analista Bancolombia | [Then answer]
[Test worker] WARN net.thucydides.core.steps.BaseStepListener - testFinished: Search for a automation course:Given than natalia want to learn automation at the academy choucair
| strUser | strPassword |
| 1091665680 | Choucair2021* | [Natalia open up [Natalia opens the Choucair academy page], Natalia login [Natalia clicks on button that shows us the form to login, Natalia enters '1091665680' into where do we write the user, Natalia enters 'Choucair2021*' into where do we write the password, Natalia clicks on button to conform login]], When she search for the course on the choucair academy platform
| strCourse |
| Prueba Técnica - Analista Bancolombia | [Natalia search [Natalia clicks on Selecciona Cursos y Certificaciones, Natalia enters 'Prueba Técnica - Analista Bancolombia' into Buscar el curso, Natalia clicks on Da click para buscar el curso, Natalia clicks on Da click para seleccionar el curso, Natalia clicks on Extrae el nombre del curso]], Then she finds the course called
| strCourse |
| Prueba Técnica - Analista Bancolombia | [Then answer]
[Test worker] WARN net.thucydides.core.steps.BaseStepListener - TestOutcomes: [Search for a automation course:Given than natalia want to learn automation at the academy choucair
| strUser | strPassword |
| 1091665680 | Choucair2021* | [Natalia open up [Natalia opens the Choucair academy page], Natalia login [Natalia clicks on button that shows us the form to login, Natalia enters '1091665680' into where do we write the user, Natalia enters 'Choucair2021*' into where do we write the password, Natalia clicks on button to conform login]], When she search for the course on the choucair academy platform
| strCourse |
| Prueba Técnica - Analista Bancolombia | [Natalia search [Natalia clicks on Selecciona Cursos y Certificaciones, Natalia enters 'Prueba Técnica - Analista Bancolombia' into Buscar el curso, Natalia clicks on Da click para buscar el curso, Natalia clicks on Da click para seleccionar el curso, Natalia clicks on Extrae el nombre del curso]], Then she finds the course called
| strCourse |
| Prueba Técnica - Analista Bancolombia | [Then answer]]
[Test worker] WARN net.thucydides.core.steps.BaseStepListener - Final testOutcomes: [Search for a automation course:Given than natalia want to learn automation at the academy choucair
| strUser | strPassword |
| 1091665680 | Choucair2021* | [Natalia open up [Natalia opens the Choucair academy page], Natalia login [Natalia clicks on button that shows us the form to login, Natalia enters '1091665680' into where do we write the user, Natalia enters 'Choucair2021*' into where do we write the password, Natalia clicks on button to conform login]], When she search for the course on the choucair academy platform
| strCourse |
| Prueba Técnica - Analista Bancolombia | [Natalia search [Natalia clicks on Selecciona Cursos y Certificaciones, Natalia enters 'Prueba Técnica - Analista Bancolombia' into Buscar el curso, Natalia clicks on Da click para buscar el curso, Natalia clicks on Da click para seleccionar el curso, Natalia clicks on Extrae el nombre del curso]], Then she finds the course called
| strCourse |
| Prueba Técnica - Analista Bancolombia | [Then answer]]
[Test worker] INFO net.thucydides.core.steps.ConsoleLoggingListener - 
        __    _____ _____ ____ _____   ____   _    ____  ____  _____ ____  
  _     \ \  |_   _| ____/ ___|_   _| |  _ \ / \  / ___|/ ___|| ____|  _ \ 
 (_)_____| |   | | |  _| \___ \ | |   | |_) / _ \ \___ \\___ \|  _| | | | |
  _|_____| |   | | | |___ ___) || |   |  __/ ___ \ ___) |___) | |___| |_| |
 (_)     | |   |_| |_____|____/ |_|   |_| /_/   \_\____/|____/|_____|____/ 
        /_/                                                                

TEST PASSED: Search for a automation course
----------------------------------------------------------------------------
]]></system-err>
</testsuite>
